<?xml version="1.0" encoding="UTF-8"?>
<!-- Generated by org.testng.reporters.JUnitXMLReporter -->
<testsuite ignored="2" hostname="DESKTOP-KJ1PBSS" failures="0" tests="1" name="Test" time="23.544" errors="0" timestamp="2023-09-01T16:54:13 IST">
  <testcase classname="TestCases.Login" name="Tc_Login_001" time="1.824"/>
  <testcase classname="TestCases.Login" name="Tc_Login_002" time="0.0">
    <ignored/>
  </testcase> <!-- Tc_Login_002 -->
  <testcase classname="TestCases.Login1" name="Tc_Login_002" time="0.0">
    <ignored/>
  </testcase> <!-- Tc_Login_002 -->
</testsuite> <!-- Test -->
